EDA Netlist Writer report for hello_soc_top
Sat Jun 08 22:33:31 2013
Quartus II 32-bit Version 11.1 Build 173 11/01/2011 SJ Full Version


---------------------
; Table of Contents ;
---------------------
  1. Legal Notice
  2. EDA Netlist Writer Summary
  3. Simulation Settings
  4. Simulation Generated Files
  5. EDA Netlist Writer Messages



----------------
; Legal Notice ;
----------------
Copyright (C) 1991-2011 Altera Corporation
Your use of Altera Corporation's design tools, logic functions 
and other software and tools, and its AMPP partner logic 
functions, and any output files from any of the foregoing 
(including device programming or simulation files), and any 
associated documentation or information are expressly subject 
to the terms and conditions of the Altera Program License 
Subscription Agreement, Altera MegaCore Function License 
Agreement, or other applicable license agreement, including, 
without limitation, that your use is for the sole purpose of 
programming logic devices manufactured by Altera and sold by 
Altera or its authorized distributors.  Please refer to the 
applicable agreement for further details.



+-------------------------------------------------------------------+
; EDA Netlist Writer Summary                                        ;
+---------------------------+---------------------------------------+
; EDA Netlist Writer Status ; Successful - Sat Jun 08 22:33:31 2013 ;
; Revision Name             ; hello_soc_top                         ;
; Top-level Entity Name     ; hello_soc_top                         ;
; Family                    ; Cyclone IV E                          ;
; Simulation Files Creation ; Successful                            ;
+---------------------------+---------------------------------------+


+------------------------------------------------------------------------------------------------------------------------+
; Simulation Settings                                                                                                    ;
+---------------------------------------------------------------------------------------------------+--------------------+
; Option                                                                                            ; Setting            ;
+---------------------------------------------------------------------------------------------------+--------------------+
; Tool Name                                                                                         ; ModelSim (Verilog) ;
; Generate netlist for functional simulation only                                                   ; Off                ;
; Time scale                                                                                        ; 1 ps               ;
; Truncate long hierarchy paths                                                                     ; Off                ;
; Map illegal HDL characters                                                                        ; Off                ;
; Flatten buses into individual nodes                                                               ; Off                ;
; Maintain hierarchy                                                                                ; Off                ;
; Bring out device-wide set/reset signals as ports                                                  ; Off                ;
; Enable glitch filtering                                                                           ; Off                ;
; Do not write top level VHDL entity                                                                ; Off                ;
; Disable detection of setup and hold time violations in the input registers of bi-directional pins ; Off                ;
; Architecture name in VHDL output netlist                                                          ; structure          ;
; Generate third-party EDA tool command script for RTL functional simulation                        ; Off                ;
; Generate third-party EDA tool command script for gate-level simulation                            ; Off                ;
+---------------------------------------------------------------------------------------------------+--------------------+


+----------------------------------------------------------------------------------------------------------------------+
; Simulation Generated Files                                                                                           ;
+----------------------------------------------------------------------------------------------------------------------+
; Generated Files                                                                                                      ;
+----------------------------------------------------------------------------------------------------------------------+
; D:/workProjNoSync/arm9_fpga_book/chapter7/chapter7_altera/simulation/modelsim/hello_soc_top_8_1200mv_85c_slow.vo     ;
; D:/workProjNoSync/arm9_fpga_book/chapter7/chapter7_altera/simulation/modelsim/hello_soc_top_8_1200mv_0c_slow.vo      ;
; D:/workProjNoSync/arm9_fpga_book/chapter7/chapter7_altera/simulation/modelsim/hello_soc_top_min_1200mv_0c_fast.vo    ;
; D:/workProjNoSync/arm9_fpga_book/chapter7/chapter7_altera/simulation/modelsim/hello_soc_top.vo                       ;
; D:/workProjNoSync/arm9_fpga_book/chapter7/chapter7_altera/simulation/modelsim/hello_soc_top_8_1200mv_85c_v_slow.sdo  ;
; D:/workProjNoSync/arm9_fpga_book/chapter7/chapter7_altera/simulation/modelsim/hello_soc_top_8_1200mv_0c_v_slow.sdo   ;
; D:/workProjNoSync/arm9_fpga_book/chapter7/chapter7_altera/simulation/modelsim/hello_soc_top_min_1200mv_0c_v_fast.sdo ;
; D:/workProjNoSync/arm9_fpga_book/chapter7/chapter7_altera/simulation/modelsim/hello_soc_top_v.sdo                    ;
+----------------------------------------------------------------------------------------------------------------------+


+-----------------------------+
; EDA Netlist Writer Messages ;
+-----------------------------+
Info: *******************************************************************
Info: Running Quartus II 32-bit EDA Netlist Writer
    Info: Version 11.1 Build 173 11/01/2011 SJ Full Version
    Info: Processing started: Sat Jun 08 22:32:53 2013
Info: Command: quartus_eda --read_settings_files=off --write_settings_files=off hello_soc -c hello_soc_top
Info (204019): Generated file hello_soc_top_8_1200mv_85c_slow.vo in folder "D:/workProjNoSync/arm9_fpga_book/chapter7/chapter7_altera/simulation/modelsim/" for EDA simulation tool
Info (204019): Generated file hello_soc_top_8_1200mv_0c_slow.vo in folder "D:/workProjNoSync/arm9_fpga_book/chapter7/chapter7_altera/simulation/modelsim/" for EDA simulation tool
Info (204019): Generated file hello_soc_top_min_1200mv_0c_fast.vo in folder "D:/workProjNoSync/arm9_fpga_book/chapter7/chapter7_altera/simulation/modelsim/" for EDA simulation tool
Info (204019): Generated file hello_soc_top.vo in folder "D:/workProjNoSync/arm9_fpga_book/chapter7/chapter7_altera/simulation/modelsim/" for EDA simulation tool
Info (204019): Generated file hello_soc_top_8_1200mv_85c_v_slow.sdo in folder "D:/workProjNoSync/arm9_fpga_book/chapter7/chapter7_altera/simulation/modelsim/" for EDA simulation tool
Info (204019): Generated file hello_soc_top_8_1200mv_0c_v_slow.sdo in folder "D:/workProjNoSync/arm9_fpga_book/chapter7/chapter7_altera/simulation/modelsim/" for EDA simulation tool
Info (204019): Generated file hello_soc_top_min_1200mv_0c_v_fast.sdo in folder "D:/workProjNoSync/arm9_fpga_book/chapter7/chapter7_altera/simulation/modelsim/" for EDA simulation tool
Info (204019): Generated file hello_soc_top_v.sdo in folder "D:/workProjNoSync/arm9_fpga_book/chapter7/chapter7_altera/simulation/modelsim/" for EDA simulation tool
Info: Quartus II 32-bit EDA Netlist Writer was successful. 0 errors, 0 warnings
    Info: Peak virtual memory: 333 megabytes
    Info: Processing ended: Sat Jun 08 22:33:32 2013
    Info: Elapsed time: 00:00:39
    Info: Total CPU time (on all processors): 00:00:39


